<?xml version="1.0" encoding="UTF-8"?>
<!-- Generated by org.testng.reporters.JUnitXMLReporter -->
<testsuite hostname="ip-172-31-77-130" ignored="1" name="Test" tests="1" failures="0" timestamp="2021-06-26T06:59:52 UTC" time="0.083" errors="0">
  <testcase name="@BeforeMethod setup" time="0.038" classname="test.Baseclass">
    <failure type="java.lang.IllegalStateException" message="The driver executable does not exist: /home/abhijitchikurte/eclipse-workspace/Simplilearn_Maven/chromedriver">
      <![CDATA[java.lang.IllegalStateException: The driver executable does not exist: /home/abhijitchikurte/eclipse-workspace/Simplilearn_Maven/chromedriver
at com.google.common.base.Preconditions.checkState(Preconditions.java:585)
at org.openqa.selenium.remote.service.DriverService.checkExecutable(DriverService.java:146)
at org.openqa.selenium.remote.service.DriverService.findExecutable(DriverService.java:141)
at org.openqa.selenium.chrome.ChromeDriverService.access$000(ChromeDriverService.java:35)
at org.openqa.selenium.chrome.ChromeDriverService$Builder.findDefaultExecutable(ChromeDriverService.java:159)
at org.openqa.selenium.remote.service.DriverService$Builder.build(DriverService.java:355)
at org.openqa.selenium.chrome.ChromeDriverService.createDefaultService(ChromeDriverService.java:94)
at org.openqa.selenium.chrome.ChromeDriver.<init>(ChromeDriver.java:123)
at test.Baseclass.setup(Baseclass.java:31)
at java.util.ArrayList.forEach(ArrayList.java:1259)
... Removed 31 stack frames]]>
    </failure>
  </testcase> <!-- @BeforeMethod setup -->
  <testcase name="@AfterMethod teardown" time="-1.624690792827E9" classname="test.Baseclass">
    <skipped/>
  </testcase> <!-- @AfterMethod teardown -->
  <testcase name="logintest2" time="0.0" classname="test.Logintest1">
    <skipped/>
  </testcase> <!-- logintest2 -->
  <testcase name="login" time="0.0" classname="test.Logintest1">
    <ignored/>
  </testcase> <!-- login -->
</testsuite> <!-- Test -->
